"../../../Engine/Content/EditorBlueprintResources/StandardMacros.uasset" 0
"../../../../../../Users/User/Documents/Unreal Projects/EdgeOfTheWorld/Content/Sounds/ArtifactsSound.uasset" 1
"../../../../../../Users/User/Documents/Unreal Projects/EdgeOfTheWorld/Content/Sounds/ArtifactSound2.uasset" 2
"../../../Engine/Content/EngineMaterials/DefaultNormal.uasset" 3
"../../../Engine/Content/EngineMaterials/DefaultDiffuse.uasset" 4
"../../../Engine/Content/ArtTools/RenderToTexture/Textures/127grey.uasset" 5
"../../../Engine/Content/Functions/Engine_MaterialFunctions02/Utility/BlendAngleCorrectedNormals.uasset" 6
"../../../Engine/Content/EngineResources/Black.uasset" 7
"../../../../../../Users/User/Documents/Unreal Projects/EdgeOfTheWorld/Content/MSPresets/MS_DefaultMaterial_Fuzzy/Functions/MF_Transmission.uasset" 8
"../../../Engine/Content/Functions/Engine_MaterialFunctions02/Texturing/CustomRotator.uasset" 9
"../../../../../../Users/User/Documents/Unreal Projects/EdgeOfTheWorld/Content/MSPresets/MS_DefaultMaterial_Fuzzy/Functions/MF_Tiling.uasset" 10
"../../../../../../Users/User/Documents/Unreal Projects/EdgeOfTheWorld/Content/MSPresets/MS_DefaultMaterial_Fuzzy/Functions/MF_MapAdjustments.uasset" 11
"../../../../../../Users/User/Documents/Unreal Projects/EdgeOfTheWorld/Content/MSPresets/MS_DefaultMaterial_Fuzzy/Functions/MF_Fuzz.uasset" 12
"../../../../../../Users/User/Documents/Unreal Projects/EdgeOfTheWorld/Content/MSPresets/MS_DefaultMaterial_Fuzzy/Functions/MF_DetailNormalTiling.uasset" 13
"../../Plugins/2D/Paper2D/Content/PlaceholderTextures/FlatNormalMap.uasset" 14
"../../../../../../Users/User/Documents/Unreal Projects/EdgeOfTheWorld/Content/MSPresets/MSTextures/Metalness.uasset" 15
"../../../../../../Users/User/Documents/Unreal Projects/EdgeOfTheWorld/Content/MSPresets/MS_DefaultMaterial_Fuzzy/MS_DefaultMaterial_Fuzzy.uasset" 16
"../../../../../../Users/User/Documents/Unreal Projects/EdgeOfTheWorld/Content/Megascans/3D_Assets/Japanese_Stone_Lantern_ufnscjdga/Fuzz_2K_ufnscjdga.uasset" 17
"../../../../../../Users/User/Documents/Unreal Projects/EdgeOfTheWorld/Content/Megascans/3D_Assets/Japanese_Stone_Lantern_ufnscjdga/Albedo_2K_ufnscjdga.uasset" 18
"../../../../../../Users/User/Documents/Unreal Projects/EdgeOfTheWorld/Content/Megascans/3D_Assets/Japanese_Stone_Lantern_ufnscjdga/Roughness_2K_ufnscjdga.uasset" 19
"../../../../../../Users/User/Documents/Unreal Projects/EdgeOfTheWorld/Content/Megascans/3D_Assets/Japanese_Stone_Lantern_ufnscjdga/Normal_2K_LOD0_ufnscjdga.uasset" 20
"../../../../../../Users/User/Documents/Unreal Projects/EdgeOfTheWorld/Content/Megascans/3D_Assets/Japanese_Stone_Lantern_ufnscjdga/Japanese_Stone_Lantern_ufnscjdga_inst.uasset" 21
"../../../../../../Users/User/Documents/Unreal Projects/EdgeOfTheWorld/Content/Megascans/3D_Assets/Japanese_Stone_Lantern_ufnscjdga/Japanese_Stone_Lantern_LOD0_ufnscjdga.uasset" 22
"../../../../../../Users/User/Documents/Unreal Projects/EdgeOfTheWorld/Content/Character/GameSave.uasset" 23
"../../../../../../Users/User/Documents/Unreal Projects/EdgeOfTheWorld/Content/Interface/HPState.uasset" 24
"../../../../../../Users/User/Documents/Unreal Projects/EdgeOfTheWorld/Content/Interface/InGame/HPFill.uasset" 25
"../../../../../../Users/User/Documents/Unreal Projects/EdgeOfTheWorld/Content/Interface/InGame/HPBorder.uasset" 26
"../../../../../../Users/User/Documents/Unreal Projects/EdgeOfTheWorld/Content/Interface/HP.uasset" 27
"../../../../../../Users/User/Documents/Unreal Projects/EdgeOfTheWorld/Content/Interface/HealingAbilityState.uasset" 28
"../../../../../../Users/User/Documents/Unreal Projects/EdgeOfTheWorld/Content/Interface/HealAbility.uasset" 29
"../../../../../../Users/User/Documents/Unreal Projects/EdgeOfTheWorld/Content/Interface/EvolutionState.uasset" 30
"../../../../../../Users/User/Documents/Unreal Projects/EdgeOfTheWorld/Content/Interface/InGame/Evolution_3.uasset" 31
"../../../../../../Users/User/Documents/Unreal Projects/EdgeOfTheWorld/Content/Interface/InGame/Evolution_2.uasset" 32
"../../../../../../Users/User/Documents/Unreal Projects/EdgeOfTheWorld/Content/Interface/InGame/Evolution1.uasset" 33
"../../../../../../Users/User/Documents/Unreal Projects/EdgeOfTheWorld/Content/Interface/Evolution.uasset" 34
"../../../../../../Users/User/Documents/Unreal Projects/EdgeOfTheWorld/Content/Interface/ArtifactsLeftState.uasset" 35
"../../../../../../Users/User/Documents/Unreal Projects/EdgeOfTheWorld/Content/Interface/ArtifactsLeft.uasset" 36
"../../../../../../Users/User/Documents/Unreal Projects/EdgeOfTheWorld/Content/Interface/MainInterface.uasset" 37
"../../../../../../Users/User/Documents/Unreal Projects/EdgeOfTheWorld/Content/Interface/Hints/HealingHint.uasset" 38
"../../../../../../Users/User/Documents/Unreal Projects/EdgeOfTheWorld/Content/Sounds/Buttons/button_press.uasset" 39
"../../../../../../Users/User/Documents/Unreal Projects/EdgeOfTheWorld/Content/Sounds/Buttons/button-hover.uasset" 40
"../../../../../../Users/User/Documents/Unreal Projects/EdgeOfTheWorld/Content/Interface/Hints/NextPressed.uasset" 41
"../../../../../../Users/User/Documents/Unreal Projects/EdgeOfTheWorld/Content/Interface/Hints/NextHovered.uasset" 42
"../../../../../../Users/User/Documents/Unreal Projects/EdgeOfTheWorld/Content/Interface/Hints/Next.uasset" 43
"../../../../../../Users/User/Documents/Unreal Projects/EdgeOfTheWorld/Content/Interface/Pause/PAUSE.uasset" 44
"../../../../../../Users/User/Documents/Unreal Projects/EdgeOfTheWorld/Content/Interface/Pause/Continue_Game_pressed.uasset" 45
"../../../../../../Users/User/Documents/Unreal Projects/EdgeOfTheWorld/Content/Interface/Pause/Continue_Game_hovered.uasset" 46
"../../../../../../Users/User/Documents/Unreal Projects/EdgeOfTheWorld/Content/Interface/Pause/Continue_Game.uasset" 47
"../../../../../../Users/User/Documents/Unreal Projects/EdgeOfTheWorld/Content/Interface/MainMenu/Exit_Game_Pressed.uasset" 48
"../../../../../../Users/User/Documents/Unreal Projects/EdgeOfTheWorld/Content/Interface/MainMenu/Exit_Game_Hovered.uasset" 49
"../../../../../../Users/User/Documents/Unreal Projects/EdgeOfTheWorld/Content/Interface/MainMenu/Exit_Game.uasset" 50
"../../../../../../Users/User/Documents/Unreal Projects/EdgeOfTheWorld/Content/Interface/PauseMenu.uasset" 51
"../../../../../../Users/User/Documents/Unreal Projects/EdgeOfTheWorld/Content/Interface/DeathScreen/YOU_DIED.uasset" 52
"../../../../../../Users/User/Documents/Unreal Projects/EdgeOfTheWorld/Content/Interface/DeathScreen/Restart_from_last_checkpoint_pressed.uasset" 53
"../../../../../../Users/User/Documents/Unreal Projects/EdgeOfTheWorld/Content/Interface/DeathScreen/Restart_from_last_checkpoint_hovered.uasset" 54
"../../../../../../Users/User/Documents/Unreal Projects/EdgeOfTheWorld/Content/Interface/DeathScreen/Restart_from_last_checkpoint.uasset" 55
"../../../../../../Users/User/Documents/Unreal Projects/EdgeOfTheWorld/Content/Interface/MainMenu/Edge_Of_The_World_Miraz_Test.uasset" 56
"../../../../../../Users/User/Documents/Unreal Projects/EdgeOfTheWorld/Content/Interface/Finish/You_spent_minutes.uasset" 57
"../../../../../../Users/User/Documents/Unreal Projects/EdgeOfTheWorld/Content/Interface/Finish/Final.uasset" 58
"../../../../../../Users/User/Documents/Unreal Projects/EdgeOfTheWorld/Content/Interface/FinishScreen.uasset" 59
"../../../../../../Users/User/Documents/Unreal Projects/EdgeOfTheWorld/Content/Interface/InGame/Deimos.uasset" 60
"../../../../../../Users/User/Documents/Unreal Projects/EdgeOfTheWorld/Content/Interface/BossHpState.uasset" 61
"../../../../../../Users/User/Documents/Unreal Projects/EdgeOfTheWorld/Content/AI/BossStatus.uasset" 62
"../../../Engine/Content/EngineMaterials/T_Default_Material_Grid_N.uasset" 63
"../../../Engine/Content/EngineMaterials/T_Default_Material_Grid_M.uasset" 64
"../../../Engine/Content/Functions/Engine_MaterialFunctions01/Opacity/CameraDepthFade.uasset" 65
"../../../Engine/Content/EngineMaterials/DefaultMaterial.uasset" 66
"../../../Engine/Content/BasicShapes/Sphere.uasset" 67
"../../../../../../Users/User/Documents/Unreal Projects/EdgeOfTheWorld/Content/Materials/DarkLightMaterial.uasset" 68
"../../../../../../Users/User/Documents/Unreal Projects/EdgeOfTheWorld/Content/AI/Boss.uasset" 69
"../../../../../../Users/User/Documents/Unreal Projects/EdgeOfTheWorld/Content/Interface/BossHP.uasset" 70
"../../../../../../Users/User/Documents/Unreal Projects/EdgeOfTheWorld/Content/AI/BossController.uasset" 71
"../../../../../../Users/User/Documents/Unreal Projects/EdgeOfTheWorld/Content/Interface/DeathScreen.uasset" 72
"../../../../../../Users/User/Documents/Unreal Projects/EdgeOfTheWorld/Content/Character/Main_Controller.uasset" 73
"../../../../../../Users/User/Documents/Unreal Projects/EdgeOfTheWorld/Content/Interface/HealingHint.uasset" 74
"../../../../../../Users/User/Documents/Unreal Projects/EdgeOfTheWorld/Content/Interface/Hints/Explosion.uasset" 75
"../../../../../../Users/User/Documents/Unreal Projects/EdgeOfTheWorld/Content/Interface/ExplosionHint.uasset" 76
"../../../../../../Users/User/Documents/Unreal Projects/EdgeOfTheWorld/Content/Materials/LightMaterial.uasset" 77
"../../../../../../Users/User/Documents/Unreal Projects/EdgeOfTheWorld/Content/Megascans/Surfaces/Canyon_Rocky_Ground_vepqchs/Roughness_2K_vepqchs.uasset" 78
"../../../../../../Users/User/Documents/Unreal Projects/EdgeOfTheWorld/Content/Megascans/Surfaces/Canyon_Rocky_Ground_vepqchs/Normal_2K_vepqchs.uasset" 79
"../../../../../../Users/User/Documents/Unreal Projects/EdgeOfTheWorld/Content/MSPresets/MS_DefaultMaterial/Functions/MF_Transmission.uasset" 80
"../../../../../../Users/User/Documents/Unreal Projects/EdgeOfTheWorld/Content/MSPresets/MS_DefaultMaterial/Functions/MF_Tiling.uasset" 81
"../../../../../../Users/User/Documents/Unreal Projects/EdgeOfTheWorld/Content/MSPresets/MS_DefaultMaterial/Functions/MF_MapAdjustments.uasset" 82
"../../../../../../Users/User/Documents/Unreal Projects/EdgeOfTheWorld/Content/MSPresets/MS_DefaultMaterial/Functions/MF_DetailNormalTiling.uasset" 83
"../../../../../../Users/User/Documents/Unreal Projects/EdgeOfTheWorld/Content/MSPresets/MS_DefaultMaterial/MS_DefaultMaterial.uasset" 84
"../../../../../../Users/User/Documents/Unreal Projects/EdgeOfTheWorld/Content/Megascans/Surfaces/Canyon_Rocky_Ground_vepqchs/Albedo_2K_vepqchs.uasset" 85
"../../../../../../Users/User/Documents/Unreal Projects/EdgeOfTheWorld/Content/Megascans/Surfaces/Canyon_Rocky_Ground_vepqchs/Canyon_Rocky_Ground_vepqchs_inst.uasset" 86
"../../../Engine/Content/EngineMaterials/WorldGridMaterial.uasset" 87
"../../../Engine/Content/BasicShapes/Cube.uasset" 88
"../../../../../../Users/User/Documents/Unreal Projects/EdgeOfTheWorld/Content/Interactions/Darkness.uasset" 89
"../../../../../../Users/User/Documents/Unreal Projects/EdgeOfTheWorld/Content/Character/Nefinato.uasset" 90
"../../../../../../Users/User/Documents/Unreal Projects/EdgeOfTheWorld/Content/Interactions/Artifact.uasset" 91
"../../../../../../Users/User/Documents/Unreal Projects/EdgeOfTheWorld/Content/Character/MainGameInstance.uasset" 92
"../../../../../../Users/User/Documents/Unreal Projects/EdgeOfTheWorld/Content/Character/Status_Nefinato.uasset" 93
"../../../../../../Users/User/Documents/Unreal Projects/EdgeOfTheWorld/Content/Interactions/LastArtifactSpawner.uasset" 94
"../../../../../../Users/User/Documents/Unreal Projects/EdgeOfTheWorld/Content/Interface/BaseHints.uasset" 95
"../../../../../../Users/User/Documents/Unreal Projects/EdgeOfTheWorld/Content/Mannequin/Character/Mesh/UE4_Mannequin_Skeleton.uasset" 96
"../../../../../../Users/User/Documents/Unreal Projects/EdgeOfTheWorld/Content/Mannequin/Character/Mesh/SK_Mannequin_PhysicsAsset.uasset" 97
"../../../../../../Users/User/Documents/Unreal Projects/EdgeOfTheWorld/Content/Mannequin/Character/Textures/T_UE4Logo_N.uasset" 98
"../../../../../../Users/User/Documents/Unreal Projects/EdgeOfTheWorld/Content/Mannequin/Character/Textures/T_UE4Logo_Mask.uasset" 99
"../../../../../../Users/User/Documents/Unreal Projects/EdgeOfTheWorld/Content/Mannequin/Character/Textures/T_Male_N.uasset" 100
"../../../../../../Users/User/Documents/Unreal Projects/EdgeOfTheWorld/Content/Mannequin/Character/Textures/T_Male_Mask.uasset" 101
"../../../../../../Users/User/Documents/Unreal Projects/EdgeOfTheWorld/Content/Mannequin/Character/Materials/MaterialLayers/T_ML_Rubber_Blue_01_N.uasset" 102
"../../../../../../Users/User/Documents/Unreal Projects/EdgeOfTheWorld/Content/Mannequin/Character/Materials/MaterialLayers/T_ML_Rubber_Blue_01_D.uasset" 103
"../../../../../../Users/User/Documents/Unreal Projects/EdgeOfTheWorld/Content/Mannequin/Character/Materials/MaterialLayers/T_ML_Aluminum01_N.uasset" 104
"../../../../../../Users/User/Documents/Unreal Projects/EdgeOfTheWorld/Content/Mannequin/Character/Materials/MaterialLayers/T_ML_Aluminum01.uasset" 105
"../../../../../../Users/User/Documents/Unreal Projects/EdgeOfTheWorld/Content/Mannequin/Character/Materials/MaterialLayers/ML_SoftMetal_UE4.uasset" 106
"../../../../../../Users/User/Documents/Unreal Projects/EdgeOfTheWorld/Content/Mannequin/Character/Materials/MaterialLayers/ML_Plastic_Shiny_Beige_LOGO.uasset" 107
"../../../../../../Users/User/Documents/Unreal Projects/EdgeOfTheWorld/Content/Mannequin/Character/Materials/MaterialLayers/ML_Plastic_Shiny_Beige.uasset" 108
"../../../../../../Users/User/Documents/Unreal Projects/EdgeOfTheWorld/Content/Mannequin/Character/Materials/MaterialLayers/ML_GlossyBlack_Latex_UE4.uasset" 109
"../../../Engine/Content/Functions/MaterialLayerFunctions/MatLayerBlend_Simple.uasset" 110
"../../../Engine/Content/Functions/MaterialLayerFunctions/MatLayerBlend_NormalBlend.uasset" 111
"../../../../../../Users/User/Documents/Unreal Projects/EdgeOfTheWorld/Content/Mannequin/Character/Materials/M_Male_Body.uasset" 112
"../../../../../../Users/User/Documents/Unreal Projects/EdgeOfTheWorld/Content/Mannequin/Character/Materials/M_UE4Man_ChestLogo.uasset" 113
"../../../../../../Users/User/Documents/Unreal Projects/EdgeOfTheWorld/Content/Mannequin/Character/Mesh/SK_Mannequin.uasset" 114
"../../../../../../Users/User/Documents/Unreal Projects/EdgeOfTheWorld/Content/Mannequin/Character/Mesh/SK_Mannequin_Female_PhysicsAsset.uasset" 115
"../../../../../../Users/User/Documents/Unreal Projects/EdgeOfTheWorld/Content/Mannequin/Character/Textures/T_Female_N.uasset" 116
"../../../../../../Users/User/Documents/Unreal Projects/EdgeOfTheWorld/Content/Mannequin/Character/Textures/T_Female_Mask.uasset" 117
"../../../../../../Users/User/Documents/Unreal Projects/EdgeOfTheWorld/Content/Mannequin/Character/Materials/MI_Female_Body.uasset" 118
"../../../../../../Users/User/Documents/Unreal Projects/EdgeOfTheWorld/Content/Mannequin/Character/Mesh/SK_Mannequin_Female.uasset" 119
"../../../../../../Users/User/Documents/Unreal Projects/EdgeOfTheWorld/Content/MSPresets/MSTextures/Albedo.uasset" 120
"../../../../../../Users/User/Documents/Unreal Projects/EdgeOfTheWorld/Content/MSPresets/MSTextures/AlbedoVT.uasset" 121
"../../../../../../Users/User/Documents/Unreal Projects/EdgeOfTheWorld/Content/MSPresets/MSTextures/Normal.uasset" 122
"../../../../../../Users/User/Documents/Unreal Projects/EdgeOfTheWorld/Content/MSPresets/MSTextures/NormalVT.uasset" 123
"../../../../../../Users/User/Documents/Unreal Projects/EdgeOfTheWorld/Content/MSPresets/MSTextures/RoughnessVT.uasset" 124
"../../../Engine/Content/ArtTools/RenderToTexture/Meshes/S_1_Unit_Plane.uasset" 125
"../../../Engine/Content/BasicShapes/Cone.uasset" 126
"../../../Engine/Content/BasicShapes/Plane.uasset" 127
"../../../Engine/Content/EditorLandscapeResources/DataLayer.uasset" 128
"../../../Engine/Content/EditorLandscapeResources/DefaultAlphaTexture.uasset" 129
"../../../Engine/Content/EditorMaterials/MAT_Groups_Toggle.uasset" 130
"../../../Engine/Content/EditorMaterials/MAT_Groups_Visibility.uasset" 131
"../../../Engine/Content/EditorMaterials/PreviewShadowIndicator.uasset" 132
"../../../Engine/Content/EditorMaterials/PreviewShadowIndicatorMaterial.uasset" 133
"../../../Engine/Content/EditorMaterials/MatineeGroups/MAT_ColorTrack.uasset" 134
"../../../Engine/Content/EditorMaterials/MatineeGroups/MAT_Groups_Anim.uasset" 135
"../../../Engine/Content/EditorMaterials/MatineeGroups/MAT_Groups_AudioMaster.uasset" 136
"../../../Engine/Content/EditorMaterials/MatineeGroups/MAT_Groups_Director.uasset" 137
"../../../Engine/Content/EditorMaterials/MatineeGroups/MAT_Groups_Event.uasset" 138
"../../../Engine/Content/EditorMaterials/MatineeGroups/MAT_Groups_Fade.uasset" 139
"../../../Engine/Content/EditorMaterials/MatineeGroups/MAT_Groups_Float.uasset" 140
"../../../Engine/Content/EditorMaterials/MatineeGroups/MAT_Groups_Move.uasset" 141
"../../../Engine/Content/EditorMaterials/MatineeGroups/MAT_Groups_Slomo.uasset" 142
"../../../Engine/Content/EditorMaterials/MatineeGroups/MAT_Groups_Sound.uasset" 143
"../../../Engine/Content/EditorMaterials/MatineeGroups/MAT_Groups_Vector.uasset" 144
"../../../Engine/Content/EditorMaterials/ParticleSystems/PSysThumbnail_NoImage.uasset" 145
"../../../Engine/Content/EditorMaterials/ParticleSystems/PSysThumbnail_OOD.uasset" 146
"../../../Engine/Content/EditorMaterials/Camera/CineMat.uasset" 147
"../../../Engine/Content/EditorMaterials/Camera/MI_CineMat_Rig.uasset" 148
"../../../Engine/Content/EditorMeshes/Camera/SM_CraneRig_Arm.uasset" 149
"../../../Engine/Content/EditorMeshes/Camera/SM_CraneRig_Base.uasset" 150
"../../../Engine/Content/EditorMeshes/Camera/SM_CraneRig_Body.uasset" 151
"../../../Engine/Content/EditorMeshes/Camera/SM_CraneRig_Mount.uasset" 152
"../../../Engine/Content/EditorMeshes/Camera/SM_RailRig_Mount.uasset" 153
"../../../Engine/Content/EditorMeshes/Camera/SM_RailRig_Track.uasset" 154
"../../../Engine/Content/EditorResources/BSPVertex.uasset" 155
"../../../Engine/Content/EditorResources/EmptyActor.uasset" 156
"../../../Engine/Content/EditorResources/S_Actor.uasset" 157
"../../../Engine/Content/EditorResources/S_Note.uasset" 158
"../../../Engine/Content/EditorResources/S_Solver.uasset" 159
"../../../Engine/Content/EditorResources/S_Terrain.uasset" 160
"../../../Engine/Content/EditorResources/S_Trigger.uasset" 161
"../../../Engine/Content/EditorResources/AudioIcons/S_AudioComponent_AutoActivate.uasset" 162
"../../../Engine/Content/EditorResources/SequenceRecorder/Countdown.uasset" 163
"../../../Engine/Content/EditorResources/SequenceRecorder/RecordingIndicator.uasset" 164
"../../../Engine/Content/EngineDamageTypes/DmgTypeBP_Environmental.uasset" 165
"../../../Engine/Content/EngineDebugMaterials/DebugEditorMaterial.uasset" 166
"../../../Engine/Content/EngineDebugMaterials/DebugMeshMaterial.uasset" 167
"../../../Engine/Content/EngineDebugMaterials/M_SimpleUnlitTranslucent.uasset" 168
"../../../Engine/Content/EngineDebugMaterials/VolumeToRender.uasset" 169
"../../../Engine/Content/Functions/Engine_MaterialFunctions02/Utility/CameraDirectionVector.uasset" 170
"../../../Engine/Content/EngineDebugMaterials/M_VolumeRenderSphereTracePP.uasset" 171
"../../../Engine/Content/Functions/Engine_MaterialFunctions01/Shading/ConvertFromDiffSpec.uasset" 172
"../../../Engine/Content/EngineDebugMaterials/VertexColorMaterial.uasset" 173
"../../../Engine/Content/EngineDebugMaterials/WireframeMaterial.uasset" 174
"../../../Engine/Content/EngineFonts/Faces/RobotoRegular.uasset" 175
"../../../Engine/Content/EngineFonts/Faces/RobotoLight.uasset" 176
"../../../Engine/Content/EngineFonts/Faces/RobotoItalic.uasset" 177
"../../../Engine/Content/EngineFonts/Faces/RobotoBoldItalic.uasset" 178
"../../../Engine/Content/EngineFonts/Faces/RobotoBold.uasset" 179
"../../../Engine/Content/EngineFonts/Faces/DroidSansFallback.uasset" 180
"../../../Engine/Content/EngineFonts/Roboto.uasset" 181
"../../../Engine/Content/EngineMaterials/BaseFlattenNormalMap.uasset" 182
"../../../Engine/Content/EngineMaterials/BaseFlattenGrayscaleMap.uasset" 183
"../../../Engine/Content/EngineMaterials/BaseFlattenEmissiveMap.uasset" 184
"../../../Engine/Content/EngineMaterials/BaseFlattenDiffuseMap.uasset" 185
"../../../Engine/Content/EngineMaterials/BaseFlattenMaterial.uasset" 186
"../../../Engine/Content/EngineMaterials/BlueNoise.uasset" 187
"../../../Engine/Content/EngineMaterials/DefaultBloomKernel.uasset" 188
"../../../Engine/Content/EngineMaterials/DefaultBokeh.uasset" 189
"../../../Engine/Content/EngineMaterials/DefaultDeferredDecalMaterial.uasset" 190
"../../../Engine/Content/EngineMaterials/DefaultLightFunctionMaterial.uasset" 191
"../../../Engine/Content/EngineMaterials/DefaultPhysicalMaterial.uasset" 192
"../../../Engine/Content/Functions/Engine_MaterialFunctions02/Utility/BreakOutFloat2Components.uasset" 193
"../../../Engine/Content/EngineMaterials/DefaultPostProcessMaterial.uasset" 194
"../../../Engine/Content/EngineFonts/RobotoDistanceField.uasset" 195
"../../../Engine/Content/EngineMaterials/DefaultTextMaterialOpaque.uasset" 196
"../../../Engine/Content/EngineMaterials/DefaultWhiteGrid.uasset" 197
"../../../Engine/Content/EngineMaterials/DefaultWhiteGrid_Low.uasset" 198
"../../../Engine/Content/EngineMaterials/EmissiveMeshMaterial.uasset" 199
"../../../Engine/Content/EngineMaterials/GizmoMaterial.uasset" 200
"../../../Engine/Content/EngineMaterials/Good64x64TilingNoiseHighFreq.uasset" 201
"../../../Engine/Content/EngineMaterials/MiniFont.uasset" 202
"../../../Engine/Content/EngineMaterials/InvalidLightmapSettings.uasset" 203
"../../../Engine/Content/EngineMaterials/M_InvalidLightmapSettings.uasset" 204
"../../../Engine/Content/Functions/Engine_MaterialFunctions02/WorldPositionOffset/CameraOffset.uasset" 205
"../../../Engine/Content/EngineMaterials/PhAT_JointLimitMaterial.uasset" 206
"../../../Engine/Content/EngineMaterials/PreintegratedSkinBRDF.uasset" 207
"../../../Engine/Content/EngineMaterials/RemoveSurfaceMaterial.uasset" 208
"../../../Engine/Content/EngineMaterials/WeightMapPlaceholderTexture.uasset" 209
"../../../Engine/Content/EngineResources/WhiteSquareTexture.uasset" 210
"../../../Engine/Content/EngineMaterials/Widget3DPassThrough.uasset" 211
"../../../Engine/Content/EngineMaterials/Widget3DPassThrough_Masked.uasset" 212
"../../../Engine/Content/EngineMaterials/Widget3DPassThrough_Opaque.uasset" 213
"../../../Engine/Content/EngineMaterials/Widget3DPassThrough_Masked_OneSided.uasset" 214
"../../../Engine/Content/EngineMaterials/Widget3DPassThrough_Opaque_OneSided.uasset" 215
"../../../Engine/Content/EngineMaterials/Widget3DPassThrough_Translucent.uasset" 216
"../../../Engine/Content/EngineMaterials/Widget3DPassThrough_Translucent_OneSided.uasset" 217
"../../../Engine/Content/EngineMeshes/Cylinder.uasset" 218
"../../../Engine/Content/EngineMeshes/Sphere.uasset" 219
"../../../Engine/Content/EngineResources/DefaultTextureCube.uasset" 220
"../../../Engine/Content/EngineResources/DefaultVolumeTexture2D.uasset" 221
"../../../Engine/Content/EngineResources/DefaultVolumeTexture.uasset" 222
"../../../Engine/Content/EngineResources/GradientTexture0.uasset" 223
"../../../Engine/Content/EngineSky/VolumetricClouds/T_NoiseShape64.uasset" 224
"../../../Engine/Content/EngineSky/VolumetricClouds/T_VolumeNoiseShape64.uasset" 225
"../../../Engine/Content/EngineSky/VolumetricClouds/T_NoiseErosion.uasset" 226
"../../../Engine/Content/EngineSky/VolumetricClouds/T_VolumeNoiseErosion32.uasset" 227
"../../../Engine/Content/EngineSky/VolumetricClouds/CloudWeatherTexture.uasset" 228
"../../../Engine/Content/EngineSky/VolumetricClouds/CloudGradientTexture.uasset" 229
"../../../Engine/Content/Functions/Engine_MaterialFunctions02/Utility/MakeFloat2.uasset" 230
"../../../Engine/Content/EngineSky/VolumetricClouds/m_SimpleVolumetricCloud.uasset" 231
"../../../Engine/Content/EngineSky/VolumetricClouds/m_SimpleVolumetricCloud_Inst.uasset" 232
"../../../Engine/Content/EngineSounds/Master.uasset" 233
"../../../Engine/Content/Functions/Engine_MaterialFunctions01/Shading/PowerToRoughness.uasset" 234
"../../../Engine/Content/Maps/Templates/Thumbnails/Default.uasset" 235
"../../../Engine/Content/Maps/Templates/Thumbnails/TimeOfDay.uasset" 236
"../../../Engine/Content/Maps/Templates/Thumbnails/VR-Basic.uasset" 237
"../../../Engine/Content/MobileResources/T_MobileControls_texture.uasset" 238
"../../../Engine/Content/MobileResources/T_MobileMenu2.uasset" 239
"../../../Engine/Content/MobileResources/HUD/AnalogHat.uasset" 240
"../../../Engine/Content/MobileResources/HUD/VirtualJoystick_Thumb.uasset" 241
"../../../Engine/Content/MobileResources/HUD/VirtualJoystick_Background.uasset" 242
"../../../Engine/Content/MobileResources/HUD/DefaultVirtualJoysticks.uasset" 243
"../../../Engine/Content/MobileResources/HUD/LeftVirtualJoystickOnly.uasset" 244
"../../../Engine/Content/MobileResources/HUD/MobileHUDButton1_off.uasset" 245
"../../../Engine/Content/MobileResources/HUD/MobileHUDButton1_on.uasset" 246
"../../../Engine/Content/MobileResources/HUD/MobileHUDButton2_off.uasset" 247
"../../../Engine/Content/MobileResources/HUD/MobileHUDButton2_on.uasset" 248
"../../../Engine/Content/MobileResources/HUD/MobileHUDButton3.uasset" 249
"../../../Engine/Content/MobileResources/HUD/MobileHUDButtonFire.uasset" 250
"../../../Engine/Content/MobileResources/HUD/MobileHUDDirectionPad.uasset" 251
"../../../Engine/Content/MobileResources/HUD/MobileHUDDirectionPad2.uasset" 252
"../../../Engine/Content/MobileResources/HUD/MobileHUDDirectionPad3.uasset" 253
"../../../Engine/Content/MobileResources/HUD/MobileHUDDirectionStick.uasset" 254
"../../../Engine/Content/MobileResources/HUD/T_Castle_ThumbstickInner.uasset" 255
"../../../Engine/Content/MobileResources/HUD/T_Castle_ThumbstickOutter.uasset" 256
"../../../Engine/Content/Tutorial/ContentIntroCurve.uasset" 257
"../../../Engine/Content/Tutorial/Basics/LevelEditorAttract.uasset" 258
"../../../Engine/Content/Tutorial/Basics/TutorialAssets/icon_tab_Levels_40x.uasset" 259
"../../../Engine/Content/Tutorial/Basics/LevelEditorOverview.uasset" 260
"../../../Engine/Content/VREditor/TransformGizmo/TranslucentTransformGizmoMaterial.uasset" 261
"../../../Engine/Content/VREditor/LaserPointer/VR_LaserPower_01.uasset" 262
"../../../Engine/Content/VREditor/TransformGizmo/TransformGizmoMaterial.uasset" 263
"../../../Engine/Content/VREditor/TransformGizmo/BoundingBoxCorner.uasset" 264
"../../../Engine/Content/VREditor/TransformGizmo/BoundingBoxEdge.uasset" 265
"../../../Engine/Content/VREditor/TransformGizmo/PlaneTranslationHandle.uasset" 266
"../../../Engine/Content/VREditor/TransformGizmo/Xray.uasset" 267
"../../../Engine/Content/VREditor/TransformGizmo/Main.uasset" 268
"../../../Engine/Content/VREditor/TransformGizmo/SM_Sequencer_Key.uasset" 269
"../../../Engine/Content/VREditor/TransformGizmo/SM_Sequencer_Node.uasset" 270
"../../Plugins/2D/Paper2D/Content/PlaceholderTextures/DummySpriteTexture.uasset" 271
"../../Plugins/2D/Paper2D/Content/DummySprite.uasset" 272
"../../Plugins/2D/Paper2D/Content/DefaultPaperTerrainMaterial.uasset" 273
"../../Plugins/2D/Paper2D/Content/DefaultSpriteMaterial.uasset" 274
"../../Plugins/2D/Paper2D/Content/MaskedUnlitSpriteMaterial.uasset" 275
"../../Plugins/2D/Paper2D/Content/OpaqueUnlitSpriteMaterial.uasset" 276
"../../../Engine/Content/Functions/Engine_MaterialFunctions02/Utility/BreakOutFloat3Components.uasset" 277
"../../Plugins/Editor/SpeedTreeImporter/Content/SpeedTree9/UnpackInteger3.uasset" 278
"../../Plugins/Editor/SpeedTreeImporter/Content/SpeedTree9/UnpackDirection.uasset" 279
"../../Plugins/Editor/SpeedTreeImporter/Content/SpeedTree9/game_wind_noise.uasset" 280
"../../../Engine/Content/Functions/Engine_MaterialFunctions02/SafeNormalize.uasset" 281
"../../Plugins/Editor/SpeedTreeImporter/Content/SpeedTree9/SpeedTreeWindMotion.uasset" 282
"../../Plugins/Editor/SpeedTreeImporter/Content/SpeedTree9/SpeedTreeBranchMotion.uasset" 283
"../../../Engine/Content/Functions/Engine_MaterialFunctions02/ObjectLocalBounds.uasset" 284
"../../../Engine/Content/Functions/Engine_MaterialFunctions02/UVs/BoundingBoxBased_0-1_UVW.uasset" 285
"../../Plugins/Editor/SpeedTreeImporter/Content/SpeedTree9/SpeedTreeWind.uasset" 286
"../../Plugins/Editor/SpeedTreeImporter/Content/SpeedTree9/SpeedTreeBillboard.uasset" 287
"../../../Engine/Content/EngineResources/DefaultTexture.uasset" 288
"../../Plugins/Editor/SpeedTreeImporter/Content/SpeedTree9/SpeedTreeBillboardMaster.uasset" 289
"../../Plugins/Editor/SpeedTreeImporter/Content/SpeedTree9/SpeedTreeCameraFacing.uasset" 290
"../../Plugins/Editor/SpeedTreeImporter/Content/SpeedTree9/SpeedTreeMaster.uasset" 291
"../../../Engine/Content/BasicShapes/Cylinder.uasset" 292
"../../../Engine/Content/ArtTools/RenderToTexture/Materials/Debug/M_Emissive_Color.uasset" 293
"../../Plugins/Lumin/MagicLeapPassableWorld/Content/MagicLeapARPinInfoActor.uasset" 294
"../../../Engine/Content/Functions/Engine_MaterialFunctions02/Utility/BreakOutFloat4Components.uasset" 295
"../../../Engine/Content/Functions/Engine_MaterialFunctions02/Utility/MakeFloat3.uasset" 296
"../../Plugins/Runtime/Oculus/OculusVR/Content/Materials/OculusMR_ChromaKey.uasset" 297
"../../Plugins/Runtime/Oculus/OculusVR/Content/Materials/OculusMR_OpaqueColoredMaterial.uasset" 298
"../../Plugins/Runtime/Oculus/OculusVR/Content/Materials/PokeAHoleMaterial.uasset" 299
"../../../../../../Users/User/Documents/Unreal Projects/EdgeOfTheWorld/Content/Sounds/Background.uasset" 300
"../../../../../../Users/User/Documents/Unreal Projects/EdgeOfTheWorld/Content/Megascans/Surfaces/Cracked_Shale_Beach_Rock_vdljfeglw/Roughness_2K_vdljfeglw.uasset" 301
"../../../../../../Users/User/Documents/Unreal Projects/EdgeOfTheWorld/Content/Megascans/Surfaces/Cracked_Shale_Beach_Rock_vdljfeglw/Normal_2K_vdljfeglw.uasset" 302
"../../../../../../Users/User/Documents/Unreal Projects/EdgeOfTheWorld/Content/Megascans/Surfaces/Cracked_Shale_Beach_Rock_vdljfeglw/Albedo_2K_vdljfeglw.uasset" 303
"../../../../../../Users/User/Documents/Unreal Projects/EdgeOfTheWorld/Content/Megascans/Surfaces/Cracked_Shale_Beach_Rock_vdljfeglw/Cracked_Shale_Beach_Rock_vdljfeglw_inst.uasset" 304
"../../../../../../Users/User/Documents/Unreal Projects/EdgeOfTheWorld/Content/Megascans/Surfaces/Coal_Debris_pjBdz0/Roughness_2K_pjBdz0.uasset" 305
"../../../../../../Users/User/Documents/Unreal Projects/EdgeOfTheWorld/Content/Megascans/Surfaces/Coal_Debris_pjBdz0/Normal_2K_pjBdz0.uasset" 306
"../../../../../../Users/User/Documents/Unreal Projects/EdgeOfTheWorld/Content/Megascans/Surfaces/Coal_Debris_pjBdz0/Albedo_2K_pjBdz0.uasset" 307
"../../../../../../Users/User/Documents/Unreal Projects/EdgeOfTheWorld/Content/Megascans/Surfaces/Coal_Debris_pjBdz0/Coal_Debris_pjBdz0_inst.uasset" 308
"../../../../../../Users/User/Documents/Unreal Projects/EdgeOfTheWorld/Content/Megascans/Surfaces/Mossy_Forest_Floor_vlsqeips/Roughness_2K_vlsqeips.uasset" 309
"../../../../../../Users/User/Documents/Unreal Projects/EdgeOfTheWorld/Content/Megascans/Surfaces/Mossy_Forest_Floor_vlsqeips/Normal_2K_vlsqeips.uasset" 310
"../../../../../../Users/User/Documents/Unreal Projects/EdgeOfTheWorld/Content/Megascans/Surfaces/Mossy_Forest_Floor_vlsqeips/Albedo_2K_vlsqeips.uasset" 311
"../../../../../../Users/User/Documents/Unreal Projects/EdgeOfTheWorld/Content/Megascans/Surfaces/Mossy_Forest_Floor_vlsqeips/Mossy_Forest_Floor_vlsqeips_inst.uasset" 312
"../../../../../../Users/User/Documents/Unreal Projects/EdgeOfTheWorld/Content/Interactions/BossDoor.uasset" 313
"../../../../../../Users/User/Documents/Unreal Projects/EdgeOfTheWorld/Content/Interface/Hints/MovementHint.uasset" 314
"../../../../../../Users/User/Documents/Unreal Projects/EdgeOfTheWorld/Content/Interface/Hints/InterfaceHint.uasset" 315
"../../../../../../Users/User/Documents/Unreal Projects/EdgeOfTheWorld/Content/Interface/InterfaceHint.uasset" 316
"../../../../../../Users/User/Documents/Unreal Projects/EdgeOfTheWorld/Content/Interface/Hints/ArtifactsHint.uasset" 317
"../../../../../../Users/User/Documents/Unreal Projects/EdgeOfTheWorld/Content/Interface/ArtifactsHint.uasset" 318
"../../../../../../Users/User/Documents/Unreal Projects/EdgeOfTheWorld/Content/Interface/MovementHint.uasset" 319
"../../../../../../Users/User/Documents/Unreal Projects/EdgeOfTheWorld/Content/Interface/MainMenu/New_Game_Pressed.uasset" 320
"../../../../../../Users/User/Documents/Unreal Projects/EdgeOfTheWorld/Content/Interface/MainMenu/New_Game_Hovered.uasset" 321
"../../../../../../Users/User/Documents/Unreal Projects/EdgeOfTheWorld/Content/Interface/MainMenu/New_Game.uasset" 322
"../../../../../../Users/User/Documents/Unreal Projects/EdgeOfTheWorld/Content/Interface/MainMenu.uasset" 323
"../../../../../../Users/User/Documents/Unreal Projects/EdgeOfTheWorld/Content/Character/Main_GameMode.uasset" 324
"../../../../../../Users/User/Documents/Unreal Projects/EdgeOfTheWorld/Content/AI/CommonEnemyStatus.uasset" 325
"../../../../../../Users/User/Documents/Unreal Projects/EdgeOfTheWorld/Content/Sounds/CommonEnemy.uasset" 326
"../../../../../../Users/User/Documents/Unreal Projects/EdgeOfTheWorld/Content/AI/CommonEnemyController.uasset" 327
"../../../../../../Users/User/Documents/Unreal Projects/EdgeOfTheWorld/Content/AI/CommonEnemy.uasset" 328
"../../../../../../Users/User/Documents/Unreal Projects/EdgeOfTheWorld/Content/AI/CommonEnemySpawner.uasset" 329
"../../../../../../Users/User/Documents/Unreal Projects/EdgeOfTheWorld/Content/Maps/Map1.umap" 330
"../../../Engine/Content/Maps/Entry_BuiltData.uasset" 331
"../../../Engine/Content/Maps/Entry.umap" 332
